d:\работа\програмиране\c++\собствени\sdl2_engine_project\build\x64\release\temp\vc142.pdb
d:\работа\програмиране\c++\собствени\sdl2_engine_project\build\x64\release\temp\main.obj
d:\работа\програмиране\c++\собствени\sdl2_engine_project\build\x64\release\temp\app.obj
d:\работа\програмиране\c++\собствени\sdl2_engine_project\build\x64\release\temp\engine.obj
d:\работа\програмиране\c++\собствени\sdl2_engine_project\build\x64\release\temp\imagedefines.obj
d:\работа\програмиране\c++\собствени\sdl2_engine_project\build\x64\release\temp\musicdefines.obj
d:\работа\програмиране\c++\собствени\sdl2_engine_project\build\x64\release\temp\sounddefines.obj
d:\работа\програмиране\c++\собствени\sdl2_engine_project\build\x64\release\temp\fontdefines.obj
d:\работа\програмиране\c++\собствени\sdl2_engine_project\build\x64\release\temp\globalconstants.obj
d:\работа\програмиране\c++\собствени\sdl2_engine_project\build\x64\release\temp\manager.obj
d:\работа\програмиране\c++\собствени\sdl2_engine_project\build\x64\release\temp\drawmanager.obj
d:\работа\програмиране\c++\собствени\sdl2_engine_project\build\x64\release\temp\imgui_widgets.obj
d:\работа\програмиране\c++\собствени\sdl2_engine_project\build\x64\release\temp\imgui_tables.obj
d:\работа\програмиране\c++\собствени\sdl2_engine_project\build\x64\release\temp\imgui_draw.obj
d:\работа\програмиране\c++\собствени\sdl2_engine_project\build\x64\release\temp\imgui_demo.obj
d:\работа\програмиране\c++\собствени\sdl2_engine_project\build\x64\release\temp\imgui.obj
d:\работа\програмиране\c++\собствени\sdl2_engine_project\build\x64\release\temp\imgui_impl_sdlrenderer.obj
d:\работа\програмиране\c++\собствени\sdl2_engine_project\build\x64\release\temp\imgui_impl_sdl.obj
d:\работа\програмиране\c++\собствени\sdl2_engine_project\build\x64\release\temp\assetmanager.obj
d:\работа\програмиране\c++\собствени\sdl2_engine_project\build\x64\release\temp\log.obj
d:\работа\програмиране\c++\собствени\sdl2_engine_project\build\x64\release\temp\assert.obj
d:\работа\програмиране\c++\собствени\sdl2_engine_project\build\x64\release\temp\randomnumbergenerator.obj
d:\работа\програмиране\c++\собствени\sdl2_engine_project\build\x64\release\temp\rectangle.obj
d:\работа\програмиране\c++\собствени\sdl2_engine_project\build\x64\release\temp\point.obj
d:\работа\програмиране\c++\собствени\sdl2_engine_project\build\x64\release\temp\color.obj
d:\работа\програмиране\c++\собствени\sdl2_engine_project\build\x64\release\temp\window.obj
d:\работа\програмиране\c++\собствени\sdl2_engine_project\build\x64\release\temp\texture.obj
d:\работа\програмиране\c++\собствени\sdl2_engine_project\build\x64\release\temp\sdldrawing.obj
d:\работа\програмиране\c++\собствени\sdl2_engine_project\build\x64\release\temp\sdlloader.obj
d:\работа\програмиране\c++\собствени\sdl2_engine_project\build\x64\release\temp\renderer.obj
d:\работа\програмиране\c++\собствени\sdl2_engine_project\build\x64\release\temp\inputevent.obj
d:\работа\програмиране\c++\собствени\sdl2_engine_project\build\x64\release\temp\text.obj
d:\работа\програмиране\c++\собствени\sdl2_engine_project\build\x64\release\temp\image.obj
d:\работа\програмиране\c++\собствени\sdl2_engine_project\build\x64\release\temp\drawobject.obj
d:\работа\програмиране\c++\собствени\sdl2_engine_project\build\x64\release\temp\soundcontainer.obj
d:\работа\програмиране\c++\собствени\sdl2_engine_project\build\x64\release\temp\musiccontainer.obj
d:\работа\програмиране\c++\собствени\sdl2_engine_project\build\x64\release\temp\imagecontainer.obj
d:\работа\програмиране\c++\собствени\sdl2_engine_project\build\x64\release\temp\fontcontainer.obj
d:\работа\програмиране\c++\собствени\sdl2_engine_project\build\x64\release\temp\audio.obj
d:\работа\програмиране\c++\собствени\sdl2_engine_project\build\x64\release\temp\readwritefile.obj
d:\работа\програмиране\c++\собствени\sdl2_engine_project\build\x64\release\temp\position.obj
d:\работа\програмиране\c++\собствени\sdl2_engine_project\build\x64\release\temp\timermanager.obj
d:\работа\програмиране\c++\собствени\sdl2_engine_project\build\x64\release\temp\utilsdefines.obj
d:\работа\програмиране\c++\собствени\sdl2_engine_project\build\x64\release\temp\timer.obj
d:\работа\програмиране\c++\собствени\sdl2_engine_project\build\x64\release\temp\time.obj
d:\работа\програмиране\c++\собствени\sdl2_engine_project\build\x64\release\temp\crypto.obj
d:\работа\програмиране\c++\собствени\sdl2_engine_project\build\x64\release\application.exe
d:\работа\програмиране\c++\собствени\sdl2_engine_project\build\x64\release\application.pdb
d:\работа\програмиране\c++\собствени\sdl2_engine_project\build\x64\release\temp\sdl2_eng.38645ade.tlog\cl.command.1.tlog
d:\работа\програмиране\c++\собствени\sdl2_engine_project\build\x64\release\temp\sdl2_eng.38645ade.tlog\cl.read.1.tlog
d:\работа\програмиране\c++\собствени\sdl2_engine_project\build\x64\release\temp\sdl2_eng.38645ade.tlog\cl.write.1.tlog
d:\работа\програмиране\c++\собствени\sdl2_engine_project\build\x64\release\temp\sdl2_eng.38645ade.tlog\link.command.1.tlog
d:\работа\програмиране\c++\собствени\sdl2_engine_project\build\x64\release\temp\sdl2_eng.38645ade.tlog\link.read.1.tlog
d:\работа\програмиране\c++\собствени\sdl2_engine_project\build\x64\release\temp\sdl2_eng.38645ade.tlog\link.write.1.tlog
