d:\работа\програмиране\c++\собствени\sdl2_engine_project\build\x64\debug\temp\vc142.pdb
d:\работа\програмиране\c++\собствени\sdl2_engine_project\build\x64\debug\temp\imagecontainer.obj
d:\работа\програмиране\c++\собствени\sdl2_engine_project\build\x64\debug\temp\fontcontainer.obj
d:\работа\програмиране\c++\собствени\sdl2_engine_project\build\x64\debug\temp\audio.obj
d:\работа\програмиране\c++\собствени\sdl2_engine_project\build\x64\debug\temp\readwritefile.obj
d:\работа\програмиране\c++\собствени\sdl2_engine_project\build\x64\debug\temp\position.obj
d:\работа\програмиране\c++\собствени\sdl2_engine_project\build\x64\debug\temp\imagedefines.obj
d:\работа\програмиране\c++\собствени\sdl2_engine_project\build\x64\debug\temp\musicdefines.obj
d:\работа\програмиране\c++\собствени\sdl2_engine_project\build\x64\debug\temp\sounddefines.obj
d:\работа\програмиране\c++\собствени\sdl2_engine_project\build\x64\debug\temp\fontdefines.obj
d:\работа\програмиране\c++\собствени\sdl2_engine_project\build\x64\debug\temp\globalconstants.obj
d:\работа\програмиране\c++\собствени\sdl2_engine_project\build\x64\debug\temp\imgui_widgets.obj
d:\работа\програмиране\c++\собствени\sdl2_engine_project\build\x64\debug\temp\imgui_tables.obj
d:\работа\програмиране\c++\собствени\sdl2_engine_project\build\x64\debug\temp\imgui_draw.obj
d:\работа\програмиране\c++\собствени\sdl2_engine_project\build\x64\debug\temp\imgui_demo.obj
d:\работа\програмиране\c++\собствени\sdl2_engine_project\build\x64\debug\temp\imgui.obj
d:\работа\програмиране\c++\собствени\sdl2_engine_project\build\x64\debug\temp\imgui_impl_sdlrenderer.obj
d:\работа\програмиране\c++\собствени\sdl2_engine_project\build\x64\debug\temp\imgui_impl_sdl.obj
d:\работа\програмиране\c++\собствени\sdl2_engine_project\build\x64\debug\temp\crypto.obj
d:\работа\програмиране\c++\собствени\sdl2_engine_project\build\x64\debug\temp\randomnumbergenerator.obj
d:\работа\програмиране\c++\собствени\sdl2_engine_project\build\x64\debug\temp\rectangle.obj
d:\работа\програмиране\c++\собствени\sdl2_engine_project\build\x64\debug\temp\point.obj
d:\работа\програмиране\c++\собствени\sdl2_engine_project\build\x64\debug\temp\color.obj
d:\работа\програмиране\c++\собствени\sdl2_engine_project\build\x64\debug\temp\window.obj
d:\работа\програмиране\c++\собствени\sdl2_engine_project\build\x64\debug\temp\texture.obj
d:\работа\програмиране\c++\собствени\sdl2_engine_project\build\x64\debug\temp\sdldrawing.obj
d:\работа\програмиране\c++\собствени\sdl2_engine_project\build\x64\debug\temp\sdlloader.obj
d:\работа\програмиране\c++\собствени\sdl2_engine_project\build\x64\debug\temp\renderer.obj
d:\работа\програмиране\c++\собствени\sdl2_engine_project\build\x64\debug\temp\inputevent.obj
d:\работа\програмиране\c++\собствени\sdl2_engine_project\build\x64\debug\temp\text.obj
d:\работа\програмиране\c++\собствени\sdl2_engine_project\build\x64\debug\temp\image.obj
d:\работа\програмиране\c++\собствени\sdl2_engine_project\build\x64\debug\temp\drawobject.obj
d:\работа\програмиране\c++\собствени\sdl2_engine_project\build\x64\debug\temp\soundcontainer.obj
d:\работа\програмиране\c++\собствени\sdl2_engine_project\build\x64\debug\temp\musiccontainer.obj
d:\работа\програмиране\c++\собствени\sdl2_engine_project\build\x64\debug\temp\timer.obj
d:\работа\програмиране\c++\собствени\sdl2_engine_project\build\x64\debug\temp\time.obj
d:\работа\програмиране\c++\собствени\sdl2_engine_project\build\x64\debug\temp\main.obj
d:\работа\програмиране\c++\собствени\sdl2_engine_project\build\x64\debug\temp\game.obj
d:\работа\програмиране\c++\собствени\sdl2_engine_project\build\x64\debug\temp\engine.obj
d:\работа\програмиране\c++\собствени\sdl2_engine_project\build\x64\debug\temp\utilsdefines.obj
d:\работа\програмиране\c++\собствени\sdl2_engine_project\build\x64\debug\temp\timermanager.obj
d:\работа\програмиране\c++\собствени\sdl2_engine_project\build\x64\debug\temp\manager.obj
d:\работа\програмиране\c++\собствени\sdl2_engine_project\build\x64\debug\temp\drawmanager.obj
d:\работа\програмиране\c++\собствени\sdl2_engine_project\build\x64\debug\temp\assetmanager.obj
d:\работа\програмиране\c++\собствени\sdl2_engine_project\build\x64\debug\temp\app.obj
d:\работа\програмиране\c++\собствени\sdl2_engine_project\build\x64\debug\temp\log.obj
d:\работа\програмиране\c++\собствени\sdl2_engine_project\build\x64\debug\application.pdb
d:\работа\програмиране\c++\собствени\sdl2_engine_project\build\x64\debug\temp\sdl2_eng.38645ade.tlog\cl.command.1.tlog
d:\работа\програмиране\c++\собствени\sdl2_engine_project\build\x64\debug\temp\sdl2_eng.38645ade.tlog\cl.read.1.tlog
d:\работа\програмиране\c++\собствени\sdl2_engine_project\build\x64\debug\temp\sdl2_eng.38645ade.tlog\cl.write.1.tlog
d:\работа\програмиране\c++\собствени\sdl2_engine_project\build\x64\debug\temp\sdl2_eng.38645ade.tlog\link-cvtres.read.1.tlog
d:\работа\програмиране\c++\собствени\sdl2_engine_project\build\x64\debug\temp\sdl2_eng.38645ade.tlog\link-cvtres.write.1.tlog
d:\работа\програмиране\c++\собствени\sdl2_engine_project\build\x64\debug\temp\sdl2_eng.38645ade.tlog\link-rc.read.1.tlog
d:\работа\програмиране\c++\собствени\sdl2_engine_project\build\x64\debug\temp\sdl2_eng.38645ade.tlog\link-rc.write.1.tlog
d:\работа\програмиране\c++\собствени\sdl2_engine_project\build\x64\debug\temp\sdl2_eng.38645ade.tlog\link.command.1.tlog
d:\работа\програмиране\c++\собствени\sdl2_engine_project\build\x64\debug\temp\sdl2_eng.38645ade.tlog\link.read.1.tlog
d:\работа\програмиране\c++\собствени\sdl2_engine_project\build\x64\debug\temp\sdl2_eng.38645ade.tlog\link.write.1.tlog
